<?xml version="1.0" encoding="UTF-8"?>
<!-- Generated by org.testng.reporters.JUnitXMLReporter -->
<testsuite ignored="0" hostname="ASUS-TUF-Gaming-A17" failures="1" tests="1" name="Test" time="0.022" errors="0" timestamp="19 Jun 2023 16:11:10 GMT">
  <testcase classname="day21.Demo1" name="testA" time="0.0">
    <failure type="org.testng.TestNGException" message="
Parameter &amp;apos;appURl&amp;apos; is required by @Test on method testA but has not been marked @Optional or defined
in C:\Users\Asus\git\repository18\paramJenkinsGrid2\testng.xml">
      <![CDATA[org.testng.TestNGException: 
Parameter 'appURl' is required by @Test on method testA but has not been marked @Optional or defined
in C:\Users\Asus\git\repository18\paramJenkinsGrid2\testng.xml
... Removed 24 stack frames]]>
    </failure>
  </testcase> <!-- testA -->
</testsuite> <!-- Test -->
